<?xml version="1.0" encoding="UTF-8"?>
<!-- Generated by org.testng.reporters.JUnitReportReporter -->
<testsuite hostname="LAPTOP-24H1DPQU" name="Testcases.HomeTest" tests="9" failures="0" timestamp="2 Nov 2016 04:42:48 GMT" time="139.243" errors="0">
  <testcase name="OpenReportPage" time="9.946" classname="Testcases.HomeTest"/>
  <testcase name="OpenTableView" time="12.111" classname="Testcases.HomeTest"/>
  <testcase name="OpenAdminPage" time="12.121" classname="Testcases.HomeTest"/>
  <testcase name="OpenRadialView" time="34.713" classname="Testcases.HomeTest"/>
  <testcase name="open_homepage_fromdropdown" time="10.983" classname="Testcases.HomeTest"/>
  <testcase name="Opengroupselctpage" time="17.445" classname="Testcases.HomeTest"/>
  <testcase name="Logout_link_frmdropdown" time="18.746" classname="Testcases.HomeTest"/>
  <testcase name="open_Administrationpage_fromdropdown" time="12.215" classname="Testcases.HomeTest"/>
  <testcase name="open_ReportDownloadpage_fromdropdown" time="10.963" classname="Testcases.HomeTest"/>
</testsuite> <!-- Testcases.HomeTest -->
