<?xml version="1.0" encoding="UTF-8"?>
<!-- Generated by org.testng.reporters.JUnitReportReporter -->
<testsuite hostname="LAPTOP-24H1DPQU" name="Testcases.Modulespage_TableView" tests="5" failures="0" timestamp="2 Nov 2016 04:42:48 GMT" time="85.927" errors="0">
  <testcase name="Open_RadialView_FromModulespage" time="17.810" classname="Testcases.Modulespage_TableView"/>
  <testcase name="Open_Modulespage_ForSelectedStudent" time="9.342" classname="Testcases.Modulespage_TableView"/>
  <testcase name="check_selectAllbtn" time="8.478" classname="Testcases.Modulespage_TableView"/>
  <testcase name="Check_validationmessage_unselectall" time="5.657" classname="Testcases.Modulespage_TableView"/>
  <testcase name="Open_Modulespage_TableView" time="44.640" classname="Testcases.Modulespage_TableView"/>
</testsuite> <!-- Testcases.Modulespage_TableView -->
