<?xml version="1.0" encoding="UTF-8"?>
<!-- Generated by org.testng.reporters.JUnitReportReporter -->
<testsuite hostname="LAPTOP-24H1DPQU" name="Testcases.LoginTest" tests="2" failures="0" timestamp="2 Nov 2016 04:42:48 GMT" time="40.854" errors="0">
  <testcase name="ValidLoginToSonosm" time="25.318" classname="Testcases.LoginTest"/>
  <testcase name="InvalidloginToSonosim" time="15.536" classname="Testcases.LoginTest"/>
</testsuite> <!-- Testcases.LoginTest -->
