<?xml version="1.0" encoding="UTF-8"?>
<!-- Generated by org.testng.reporters.JUnitReportReporter -->
<testsuite hostname="Santosh" name="PageObjectFactory.TableViewTest" tests="5" failures="0" timestamp="13 Jul 2016 12:17:03 GMT" time="62.360" errors="0">
  <testcase name="check_selectAllbtn" time="1.972" classname="PageObjectFactory.TableViewTest"/>
  <testcase name="OpencirculerList_for_PerformtGroup_B_Student" time="7.673" classname="PageObjectFactory.TableViewTest"/>
  <testcase name="OpencirculerList_for_PerformtGroup_A_Student" time="43.299" classname="PageObjectFactory.TableViewTest"/>
  <testcase name="Check_validationmessage_unselectall" time="1.981" classname="PageObjectFactory.TableViewTest"/>
  <testcase name="OpencirculerList_for_PerformtGroup_C_Student" time="7.435" classname="PageObjectFactory.TableViewTest"/>
</testsuite> <!-- PageObjectFactory.TableViewTest -->
