<?xml version="1.0" encoding="UTF-8"?>
<!-- Generated by org.testng.reporters.JUnitReportReporter -->
<testsuite hostname="LAPTOP-24H1DPQU" name="Testcases.RadialViewTest" tests="6" failures="0" timestamp="2 Nov 2016 04:42:48 GMT" time="191.719" errors="0">
  <testcase name="OpencirculerList_for_PerformtGroup_C_Student" time="34.160" classname="Testcases.RadialViewTest"/>
  <testcase name="OpencirculerList_for_PerformtGroup_A_Student" time="29.859" classname="Testcases.RadialViewTest"/>
  <testcase name="Open_TableView_FromRadialpage" time="33.704" classname="Testcases.RadialViewTest"/>
  <testcase name="OpencirculerList_for_PerformtGroup_B_Student" time="28.631" classname="Testcases.RadialViewTest"/>
  <testcase name="Check_validationmessage_unselectall" time="33.008" classname="Testcases.RadialViewTest"/>
  <testcase name="check_selectAllbtn" time="32.357" classname="Testcases.RadialViewTest"/>
</testsuite> <!-- Testcases.RadialViewTest -->
