<?xml version="1.0" encoding="UTF-8"?>
<!-- Generated by org.testng.reporters.JUnitReportReporter -->
<testsuite hostname="LAPTOP-24H1DPQU" name="Testcases.GroupselectTest" tests="3" failures="0" timestamp="2 Nov 2016 04:42:48 GMT" time="47.330" errors="0">
  <testcase name="Open_PerformanceGroup_C" time="13.531" classname="Testcases.GroupselectTest"/>
  <testcase name="Open_PerformanceGroup_A" time="20.661" classname="Testcases.GroupselectTest"/>
  <testcase name="Open_PerformanceGroup_B" time="13.138" classname="Testcases.GroupselectTest"/>
</testsuite> <!-- Testcases.GroupselectTest -->
