<?xml version="1.0" encoding="UTF-8"?>
<!-- Generated by org.testng.reporters.JUnitReportReporter -->
<testsuite hostname="LAPTOP-24H1DPQU" name="Testcases.TableViewTest" tests="7" failures="0" timestamp="2 Nov 2016 04:42:48 GMT" time="312.459" errors="0">
  <testcase name="OpenTableView_for_PerformtGroup_C_Student" time="51.941" classname="Testcases.TableViewTest"/>
  <testcase name="Open_RadialView_FromTablepage" time="32.403" classname="Testcases.TableViewTest"/>
  <testcase name="OpenTableView_for_PerformtGroup_B_Student" time="44.561" classname="Testcases.TableViewTest"/>
  <testcase name="OpenTableView_for_PerformtGroup_A_Student" time="49.163" classname="Testcases.TableViewTest"/>
  <testcase name="check_selectAllbtn" time="47.290" classname="Testcases.TableViewTest"/>
  <testcase name="Open_Module_Table" time="40.419" classname="Testcases.TableViewTest"/>
  <testcase name="Check_validationmessage_unselectall" time="46.682" classname="Testcases.TableViewTest"/>
</testsuite> <!-- Testcases.TableViewTest -->
