<?xml version="1.0" encoding="UTF-8"?>
<!-- Generated by org.testng.reporters.JUnitReportReporter -->
<testsuite hostname="LAPTOP-24H1DPQU" name="Testcases.RunReportTest" tests="6" failures="0" timestamp="2 Nov 2016 04:42:48 GMT" time="125.899" errors="0">
  <testcase name="RunReports_OpenPerformanceGroupB" time="7.138" classname="Testcases.RunReportTest"/>
  <testcase name="ValidationMessage_for_NOModules_selected" time="25.451" classname="Testcases.RunReportTest"/>
  <testcase name="RunReports_OpenPerformanceGroupC" time="7.449" classname="Testcases.RunReportTest"/>
  <testcase name="ValidationMessage_for_NOstudentselected" time="29.562" classname="Testcases.RunReportTest"/>
  <testcase name="NavigateTo_RunReportsPage" time="25.204" classname="Testcases.RunReportTest"/>
  <testcase name="RunReports_OpenPerformanceGroupA" time="31.095" classname="Testcases.RunReportTest"/>
</testsuite> <!-- Testcases.RunReportTest -->
