<?xml version="1.0" encoding="UTF-8"?>
<!-- Generated by org.testng.reporters.JUnitReportReporter -->
<testsuite hostname="LAPTOP-24H1DPQU" name="Testcases.EditStudentTest" tests="4" failures="0" timestamp="21 Oct 2016 06:19:29 GMT" time="45.026" errors="0">
  <testcase name="CheckValidationsForEmptyFields" time="6.891" classname="Testcases.EditStudentTest"/>
  <testcase name="NavigateToEditStudent" time="24.167" classname="Testcases.EditStudentTest"/>
  <testcase name="CheckAdministrationCheckbox" time="4.833" classname="Testcases.EditStudentTest"/>
  <testcase name="UpdateSelectedUser" time="9.135" classname="Testcases.EditStudentTest"/>
</testsuite> <!-- Testcases.EditStudentTest -->
