<?xml version="1.0" encoding="UTF-8"?>
<!-- Generated by org.testng.reporters.JUnitReportReporter -->
<testsuite hostname="LAPTOP-24H1DPQU" name="Testcases.Modulespage_RadialView" tests="5" failures="0" timestamp="2 Nov 2016 04:42:48 GMT" time="69.682" errors="0">
  <testcase name="Open_TableView_FromModulespage" time="17.684" classname="Testcases.Modulespage_RadialView"/>
  <testcase name="Open_Modulespage_RadialView" time="29.923" classname="Testcases.Modulespage_RadialView"/>
  <testcase name="check_selectAllbtn" time="8.736" classname="Testcases.Modulespage_RadialView"/>
  <testcase name="Open_Modulespage_ForSelectedStudent" time="7.909" classname="Testcases.Modulespage_RadialView"/>
  <testcase name="Check_validationmessage_unselectall" time="5.430" classname="Testcases.Modulespage_RadialView"/>
</testsuite> <!-- Testcases.Modulespage_RadialView -->
