<?xml version="1.0" encoding="UTF-8"?>
<!-- Generated by org.testng.reporters.JUnitReportReporter -->
<testsuite hostname="Santosh" name="UtilityFiles.Driver" tests="1" failures="0" timestamp="31 Aug 2016 06:09:00 GMT" time="1.935" errors="0">
  <testcase name="Chrome" time="1.935" classname="UtilityFiles.Driver"/>
</testsuite> <!-- UtilityFiles.Driver -->
